TN:
SF:src/main.ts
FNF:0
FNH:0
DA:3,0
DA:4,0
DA:5,0
DA:6,0
DA:7,0
DA:9,0
DA:16,0
DA:17,0
LF:8
LH:0
BRF:0
BRH:0
end_of_record
TN:
SF:src/ecs/components/Movement.ts
FN:13,addMovement
FNF:1
FNH:1
FNDA:2,addMovement
DA:4,2
DA:5,2
DA:7,2
DA:13,2
DA:20,2
DA:21,2
DA:22,2
DA:23,2
DA:24,2
LF:9
LH:9
BRF:0
BRH:0
end_of_record
TN:
SF:src/ecs/systems/MovementSystem.ts
FN:7,movementSystem
FNF:1
FNH:1
FNDA:1,movementSystem
DA:4,1
DA:5,1
DA:7,1
DA:8,3
DA:9,1
DA:10,1
DA:12,2
DA:13,1
DA:14,1
LF:9
LH:9
BRF:0
BRH:0
end_of_record
TN:
SF:src/ecs/systems/TimeSystem.ts
FN:4,(anonymous_0)
FN:11,(anonymous_1)
FN:16,TimeSystem
FN:22,(anonymous_3)
FN:26,(anonymous_4)
FN:30,(anonymous_5)
FNF:6
FNH:5
FNDA:2,(anonymous_0)
FNDA:2,(anonymous_1)
FNDA:2,TimeSystem
FNDA:5,(anonymous_3)
FNDA:0,(anonymous_4)
FNDA:5,(anonymous_5)
DA:4,2
DA:5,2
DA:6,2
DA:7,2
DA:8,2
DA:11,2
DA:17,2
DA:18,2
DA:19,2
DA:22,2
DA:23,5
DA:26,2
DA:27,0
DA:30,2
DA:31,5
DA:33,1
DA:35,1
DA:37,1
DA:40,2
DA:43,2
LF:20
LH:19
BRDA:4,0,0,2
BRDA:4,0,1,2
BRDA:31,1,0,1
BRDA:31,1,1,1
BRDA:31,1,2,1
BRDA:31,1,3,2
BRDA:31,1,4,2
BRF:7
BRH:7
end_of_record
TN:
SF:src/events/EventBus.ts
FN:10,(anonymous_1)
FNF:1
FNH:1
FNDA:1,(anonymous_1)
DA:3,1
DA:4,1
DA:8,1
DA:10,1
DA:11,1
DA:14,1
DA:16,1
LF:7
LH:7
BRF:0
BRH:0
end_of_record
TN:
SF:src/logger/index.ts
FN:10,(anonymous_1)
FNF:1
FNH:1
FNDA:6,(anonymous_1)
DA:3,4
DA:5,4
DA:10,6
DA:11,6
DA:17,4
LF:5
LH:5
BRF:0
BRH:0
end_of_record
TN:
SF:src/objects/Player.ts
FN:5,(anonymous_7)
FN:8,Player
FN:19,(anonymous_9)
FNF:3
FNH:0
FNDA:0,(anonymous_7)
FNDA:0,Player
FNDA:0,(anonymous_9)
DA:3,0
DA:5,0
DA:9,0
DA:10,0
DA:11,0
DA:13,0
DA:14,0
DA:16,0
DA:19,0
DA:20,0
DA:21,0
DA:23,0
DA:25,0
DA:26,0
DA:27,0
DA:28,0
DA:31,0
DA:32,0
DA:33,0
DA:34,0
DA:37,0
LF:21
LH:0
BRDA:9,0,0,0
BRDA:9,0,1,0
BRDA:25,1,0,0
BRDA:25,1,1,0
BRDA:27,2,0,0
BRDA:31,3,0,0
BRDA:31,3,1,0
BRDA:33,4,0,0
BRF:8
BRH:0
end_of_record
TN:
SF:src/phaser/scenes/BootScene.ts
FN:5,(anonymous_7)
FN:6,BootScene
FN:10,(anonymous_9)
FNF:3
FNH:0
FNDA:0,(anonymous_7)
FNDA:0,BootScene
FNDA:0,(anonymous_9)
DA:3,0
DA:5,0
DA:7,0
DA:10,0
DA:12,0
DA:14,0
LF:6
LH:0
BRDA:7,0,0,0
BRDA:7,0,1,0
BRF:2
BRH:0
end_of_record
TN:
SF:src/phaser/scenes/PreloadScene.ts
FN:5,(anonymous_7)
FN:6,PreloadScene
FN:10,(anonymous_9)
FN:15,(anonymous_10)
FNF:4
FNH:0
FNDA:0,(anonymous_7)
FNDA:0,PreloadScene
FNDA:0,(anonymous_9)
FNDA:0,(anonymous_10)
DA:3,0
DA:5,0
DA:7,0
DA:10,0
DA:12,0
DA:15,0
DA:17,0
DA:19,0
LF:8
LH:0
BRDA:7,0,0,0
BRDA:7,0,1,0
BRF:2
BRH:0
end_of_record
TN:
SF:src/utils/ObjectPool.ts
FN:6,(anonymous_1)
FN:10,ObjectPool
FN:20,(anonymous_3)
FN:28,(anonymous_4)
FN:33,(anonymous_5)
FN:37,(anonymous_6)
FNF:6
FNH:5
FNDA:1,(anonymous_1)
FNDA:1,ObjectPool
FNDA:1,(anonymous_3)
FNDA:1,(anonymous_4)
FNDA:3,(anonymous_5)
FNDA:0,(anonymous_6)
DA:4,1
DA:6,1
DA:10,1
DA:11,1
DA:12,1
DA:14,1
DA:15,5
DA:17,1
DA:20,1
DA:21,1
DA:22,0
DA:24,1
DA:25,1
DA:28,1
DA:29,1
DA:30,1
DA:33,1
DA:34,3
DA:37,1
DA:38,0
DA:40,1
LF:21
LH:19
BRDA:10,0,0,0
BRDA:21,1,0,0
BRF:2
BRH:0
end_of_record
