TN:
SF:src/main.ts
FNF:0
FNH:0
DA:1,0
DA:2,0
DA:3,0
DA:4,0
DA:5,0
DA:7,0
DA:14,0
DA:15,0
LF:8
LH:0
BRF:0
BRH:0
end_of_record
TN:
SF:src/ecs/components/Movement.ts
FN:11,addMovement
FNF:1
FNH:1
FNDA:2,addMovement
DA:2,2
DA:3,2
DA:5,2
DA:11,2
DA:18,2
DA:19,2
DA:20,2
DA:21,2
DA:22,2
LF:9
LH:9
BRF:0
BRH:0
end_of_record
TN:
SF:src/ecs/systems/MovementSystem.ts
FN:5,movementSystem
FNF:1
FNH:1
FNDA:1,movementSystem
DA:2,1
DA:3,1
DA:5,1
DA:6,3
DA:7,1
DA:8,1
DA:10,2
DA:11,1
DA:12,1
LF:9
LH:9
BRF:0
BRH:0
end_of_record
TN:
SF:src/ecs/systems/TimeSystem.ts
FN:2,(anonymous_0)
FN:9,(anonymous_1)
FN:14,TimeSystem
FN:20,(anonymous_3)
FN:24,(anonymous_4)
FN:28,(anonymous_5)
FNF:6
FNH:5
FNDA:1,(anonymous_0)
FNDA:1,(anonymous_1)
FNDA:1,TimeSystem
FNDA:1,(anonymous_3)
FNDA:0,(anonymous_4)
FNDA:1,(anonymous_5)
DA:2,1
DA:3,1
DA:4,1
DA:5,1
DA:6,1
DA:9,1
DA:15,1
DA:16,1
DA:17,1
DA:20,1
DA:21,1
DA:24,1
DA:25,0
DA:28,1
DA:29,1
DA:31,0
DA:33,0
DA:35,0
DA:38,1
DA:41,1
LF:20
LH:16
BRDA:2,0,0,1
BRDA:2,0,1,1
BRDA:29,1,0,0
BRDA:29,1,1,0
BRDA:29,1,2,0
BRDA:29,1,3,1
BRDA:29,1,4,1
BRF:7
BRH:4
end_of_record
TN:
SF:src/events/EventBus.ts
FN:8,(anonymous_1)
FNF:1
FNH:1
FNDA:1,(anonymous_1)
DA:1,1
DA:2,1
DA:6,1
DA:8,1
DA:9,1
DA:12,1
DA:14,1
LF:7
LH:7
BRF:0
BRH:0
end_of_record
TN:
SF:src/logger/index.ts
FN:8,(anonymous_1)
FNF:1
FNH:1
FNDA:6,(anonymous_1)
DA:1,4
DA:3,4
DA:8,6
DA:9,6
DA:15,4
LF:5
LH:5
BRF:0
BRH:0
end_of_record
TN:
SF:src/objects/Player.ts
FN:3,(anonymous_7)
FN:6,Player
FN:17,(anonymous_9)
FNF:3
FNH:0
FNDA:0,(anonymous_7)
FNDA:0,Player
FNDA:0,(anonymous_9)
DA:1,0
DA:3,0
DA:7,0
DA:8,0
DA:9,0
DA:11,0
DA:12,0
DA:14,0
DA:17,0
DA:18,0
DA:19,0
DA:21,0
DA:23,0
DA:24,0
DA:25,0
DA:26,0
DA:29,0
DA:30,0
DA:31,0
DA:32,0
DA:35,0
LF:21
LH:0
BRDA:7,0,0,0
BRDA:7,0,1,0
BRDA:23,1,0,0
BRDA:23,1,1,0
BRDA:25,2,0,0
BRDA:29,3,0,0
BRDA:29,3,1,0
BRDA:31,4,0,0
BRF:8
BRH:0
end_of_record
TN:
SF:src/phaser/scenes/BootScene.ts
FN:3,(anonymous_7)
FN:4,BootScene
FN:8,(anonymous_9)
FNF:3
FNH:0
FNDA:0,(anonymous_7)
FNDA:0,BootScene
FNDA:0,(anonymous_9)
DA:1,0
DA:3,0
DA:5,0
DA:8,0
DA:10,0
DA:12,0
LF:6
LH:0
BRDA:5,0,0,0
BRDA:5,0,1,0
BRF:2
BRH:0
end_of_record
TN:
SF:src/phaser/scenes/PreloadScene.ts
FN:3,(anonymous_7)
FN:4,PreloadScene
FN:8,(anonymous_9)
FN:13,(anonymous_10)
FNF:4
FNH:0
FNDA:0,(anonymous_7)
FNDA:0,PreloadScene
FNDA:0,(anonymous_9)
FNDA:0,(anonymous_10)
DA:1,0
DA:3,0
DA:5,0
DA:8,0
DA:10,0
DA:13,0
DA:15,0
DA:17,0
LF:8
LH:0
BRDA:5,0,0,0
BRDA:5,0,1,0
BRF:2
BRH:0
end_of_record
TN:
SF:src/utils/ObjectPool.ts
FN:4,(anonymous_1)
FN:8,ObjectPool
FN:18,(anonymous_3)
FN:26,(anonymous_4)
FN:31,(anonymous_5)
FN:35,(anonymous_6)
FNF:6
FNH:5
FNDA:1,(anonymous_1)
FNDA:1,ObjectPool
FNDA:1,(anonymous_3)
FNDA:1,(anonymous_4)
FNDA:3,(anonymous_5)
FNDA:0,(anonymous_6)
DA:2,1
DA:4,1
DA:8,1
DA:9,1
DA:10,1
DA:12,1
DA:13,5
DA:15,1
DA:18,1
DA:19,1
DA:20,0
DA:22,1
DA:23,1
DA:26,1
DA:27,1
DA:28,1
DA:31,1
DA:32,3
DA:35,1
DA:36,0
DA:38,1
LF:21
LH:19
BRDA:8,0,0,0
BRDA:19,1,0,0
BRF:2
BRH:0
end_of_record
